<?xml version="1.0" encoding="UTF-8"?>
<!-- Generated by org.testng.reporters.JUnitReportReporter -->
<testsuite hostname="DESKTOP-I1HSKP5" failures="0" tests="1" name="com.projectname.qa.TestCases.RegistrationTest" time="3.475" errors="0" timestamp="18 Aug 2022 08:23:52 GMT">
  <testcase classname="com.projectname.qa.TestCases.RegistrationTest" name="FacebookRegistrationPageTest" time="3.475"/>
</testsuite>
