<?xml version="1.0" encoding="UTF-8"?>
<!-- Generated by org.testng.reporters.JUnitReportReporter -->
<testsuite hostname="DESKTOP-I1HSKP5" failures="0" tests="1" name="com.projectname.qa.TestCases.LoginTest" time="1.933" errors="0" timestamp="18 Aug 2022 07:34:12 GMT">
  <testcase classname="com.projectname.qa.TestCases.LoginTest" name="FacebookLoginPageTest" time="1.933"/>
</testsuite>
